  [1m[35m (2286.0ms)[0m  [1m[35mCREATE DATABASE "jasonhood_development" ENCODING = 'unicode'[0m
  ↳ bin/rails:9
  [1m[35m (1016.1ms)[0m  [1m[35mCREATE DATABASE "jasonhood_test" ENCODING = 'unicode'[0m
  ↳ bin/rails:9
Started GET "/" for ::1 at 2021-04-05 12:09:05 -0700
Processing by StaticPagesController#root as HTML
  Rendering static_pages/root.html.erb within layouts/application
  Rendered static_pages/root.html.erb within layouts/application (6.0ms)
Completed 200 OK in 2449ms (Views: 2447.4ms | ActiveRecord: 0.0ms)


Started GET "/" for ::1 at 2021-04-05 12:22:30 -0700
Processing by StaticPagesController#root as HTML
  Rendering static_pages/root.html.erb within layouts/application
  Rendered static_pages/root.html.erb within layouts/application (0.2ms)
Completed 200 OK in 26ms (Views: 25.2ms | ActiveRecord: 0.0ms)


Started GET "/" for ::1 at 2021-04-05 12:22:34 -0700
Processing by StaticPagesController#root as HTML
  Rendering static_pages/root.html.erb within layouts/application
  Rendered static_pages/root.html.erb within layouts/application (0.2ms)
Completed 200 OK in 19ms (Views: 17.7ms | ActiveRecord: 0.0ms)


Started GET "/" for ::1 at 2021-04-05 12:22:59 -0700
Processing by StaticPagesController#root as HTML
  Rendering static_pages/root.html.erb within layouts/application
  Rendered static_pages/root.html.erb within layouts/application (0.2ms)
Completed 200 OK in 17ms (Views: 15.3ms | ActiveRecord: 0.0ms)


Started GET "/" for ::1 at 2021-04-05 12:23:00 -0700
Processing by StaticPagesController#root as HTML
  Rendering static_pages/root.html.erb within layouts/application
  Rendered static_pages/root.html.erb within layouts/application (0.2ms)
Completed 200 OK in 15ms (Views: 14.3ms | ActiveRecord: 0.0ms)


Started GET "/" for ::1 at 2021-04-05 12:25:20 -0700
Processing by StaticPagesController#root as HTML
  Rendering static_pages/root.html.erb within layouts/application
  Rendered static_pages/root.html.erb within layouts/application (0.2ms)
Completed 200 OK in 16ms (Views: 14.7ms | ActiveRecord: 0.0ms)


Started GET "/" for ::1 at 2021-04-05 12:25:21 -0700
Processing by StaticPagesController#root as HTML
  Rendering static_pages/root.html.erb within layouts/application
  Rendered static_pages/root.html.erb within layouts/application (0.2ms)
Completed 200 OK in 15ms (Views: 13.7ms | ActiveRecord: 0.0ms)


Started GET "/" for ::1 at 2021-04-05 12:27:01 -0700
Processing by StaticPagesController#root as HTML
  Rendering static_pages/root.html.erb within layouts/application
  Rendered static_pages/root.html.erb within layouts/application (0.2ms)
Completed 200 OK in 247ms (Views: 245.4ms | ActiveRecord: 0.0ms)


Started GET "/" for ::1 at 2021-04-05 12:27:01 -0700
Processing by StaticPagesController#root as HTML
  Rendering static_pages/root.html.erb within layouts/application
  Rendered static_pages/root.html.erb within layouts/application (0.2ms)
Completed 200 OK in 27ms (Views: 25.6ms | ActiveRecord: 0.0ms)


Started GET "/" for ::1 at 2021-04-05 12:27:47 -0700
Processing by StaticPagesController#root as HTML
  Rendering static_pages/root.html.erb within layouts/application
  Rendered static_pages/root.html.erb within layouts/application (0.2ms)
Completed 200 OK in 217ms (Views: 216.2ms | ActiveRecord: 0.0ms)


Started GET "/" for ::1 at 2021-04-05 12:27:48 -0700
Processing by StaticPagesController#root as HTML
  Rendering static_pages/root.html.erb within layouts/application
  Rendered static_pages/root.html.erb within layouts/application (0.2ms)
Completed 200 OK in 25ms (Views: 24.1ms | ActiveRecord: 0.0ms)


Started GET "/" for ::1 at 2021-04-05 12:27:49 -0700
Processing by StaticPagesController#root as HTML
  Rendering static_pages/root.html.erb within layouts/application
  Rendered static_pages/root.html.erb within layouts/application (0.2ms)
Completed 200 OK in 16ms (Views: 14.7ms | ActiveRecord: 0.0ms)


Started GET "/" for ::1 at 2021-04-05 12:28:54 -0700
Processing by StaticPagesController#root as HTML
  Rendering static_pages/root.html.erb within layouts/application
  Rendered static_pages/root.html.erb within layouts/application (0.2ms)
Completed 200 OK in 230ms (Views: 229.1ms | ActiveRecord: 0.0ms)


Started GET "/" for ::1 at 2021-04-05 12:28:55 -0700
Processing by StaticPagesController#root as HTML
  Rendering static_pages/root.html.erb within layouts/application
  Rendered static_pages/root.html.erb within layouts/application (0.2ms)
Completed 200 OK in 172ms (Views: 170.9ms | ActiveRecord: 0.0ms)


Started GET "/" for ::1 at 2021-04-05 12:28:56 -0700
Processing by StaticPagesController#root as HTML
  Rendering static_pages/root.html.erb within layouts/application
  Rendered static_pages/root.html.erb within layouts/application (0.2ms)
Completed 200 OK in 17ms (Views: 15.8ms | ActiveRecord: 0.0ms)


Started GET "/" for ::1 at 2021-04-05 12:30:17 -0700
Processing by StaticPagesController#root as HTML
  Rendering static_pages/root.html.erb within layouts/application
  Rendered static_pages/root.html.erb within layouts/application (0.2ms)
Completed 200 OK in 257ms (Views: 256.3ms | ActiveRecord: 0.0ms)


  [1m[35m (16.9ms)[0m  [1m[35mCREATE TABLE "schema_migrations" ("version" character varying NOT NULL PRIMARY KEY)[0m
  ↳ bin/rails:9
  [1m[35m (4.6ms)[0m  [1m[35mCREATE TABLE "ar_internal_metadata" ("key" character varying NOT NULL PRIMARY KEY, "value" character varying, "created_at" timestamp NOT NULL, "updated_at" timestamp NOT NULL)[0m
  ↳ bin/rails:9
  [1m[35m (0.1ms)[0m  [1m[34mSELECT pg_try_advisory_lock(8709305028498251835)[0m
  ↳ bin/rails:9
  [1m[35m (3.3ms)[0m  [1m[34mSELECT "schema_migrations"."version" FROM "schema_migrations" ORDER BY "schema_migrations"."version" ASC[0m
  ↳ bin/rails:9
Migrating to CreateUsers (20210405193215)
  [1m[35m (0.1ms)[0m  [1m[35mBEGIN[0m
  ↳ bin/rails:9
  [1m[35m (5.8ms)[0m  [1m[35mCREATE TABLE "users" ("id" bigserial primary key, "name" character varying NOT NULL, "email" character varying NOT NULL, "buying_power" integer DEFAULT 0, "password_digest" character varying NOT NULL, "session_token" character varying NOT NULL, "created_at" timestamp NOT NULL, "updated_at" timestamp NOT NULL)[0m
  ↳ db/migrate/20210405193215_create_users.rb:3
  [1m[35m (1.6ms)[0m  [1m[35mCREATE UNIQUE INDEX  "index_users_on_email" ON "users"  ("email")[0m
  ↳ db/migrate/20210405193215_create_users.rb:11
  [1m[35m (2.0ms)[0m  [1m[35mCREATE UNIQUE INDEX  "index_users_on_session_token" ON "users"  ("session_token")[0m
  ↳ db/migrate/20210405193215_create_users.rb:12
  [1m[36mActiveRecord::SchemaMigration Create (0.5ms)[0m  [1m[32mINSERT INTO "schema_migrations" ("version") VALUES ($1) RETURNING "version"[0m  [["version", "20210405193215"]]
  ↳ bin/rails:9
  [1m[35m (0.3ms)[0m  [1m[35mCOMMIT[0m
  ↳ bin/rails:9
  [1m[36mActiveRecord::InternalMetadata Load (7.7ms)[0m  [1m[34mSELECT  "ar_internal_metadata".* FROM "ar_internal_metadata" WHERE "ar_internal_metadata"."key" = $1 LIMIT $2[0m  [["key", "environment"], ["LIMIT", 1]]
  ↳ bin/rails:9
  [1m[35m (0.1ms)[0m  [1m[35mBEGIN[0m
  ↳ bin/rails:9
  [1m[36mActiveRecord::InternalMetadata Create (0.5ms)[0m  [1m[32mINSERT INTO "ar_internal_metadata" ("key", "value", "created_at", "updated_at") VALUES ($1, $2, $3, $4) RETURNING "key"[0m  [["key", "environment"], ["value", "development"], ["created_at", "2021-04-05 19:43:56.335708"], ["updated_at", "2021-04-05 19:43:56.335708"]]
  ↳ bin/rails:9
  [1m[35m (0.2ms)[0m  [1m[35mCOMMIT[0m
  ↳ bin/rails:9
  [1m[35m (0.1ms)[0m  [1m[34mSELECT pg_advisory_unlock(8709305028498251835)[0m
  ↳ bin/rails:9
  [1m[35m (0.3ms)[0m  [1m[34mSELECT "schema_migrations"."version" FROM "schema_migrations" ORDER BY "schema_migrations"."version" ASC[0m
  ↳ bin/rails:9
  [1m[35m (0.1ms)[0m  [1m[34mSELECT pg_try_advisory_lock(8709305028498251835)[0m
  ↳ bin/rails:9
  [1m[35m (6.1ms)[0m  [1m[34mSELECT "schema_migrations"."version" FROM "schema_migrations" ORDER BY "schema_migrations"."version" ASC[0m
  ↳ bin/rails:9
Migrating to AddLastNameToUsers (20210405215305)
  [1m[35m (0.1ms)[0m  [1m[35mBEGIN[0m
  ↳ bin/rails:9
  [1m[35m (4.5ms)[0m  [1m[35mALTER TABLE "users" ADD "first_name" character varying NOT NULL[0m
  ↳ db/migrate/20210405215305_add_last_name_to_users.rb:3
  [1m[35m (0.2ms)[0m  [1m[35mALTER TABLE "users" ADD "last_name" character varying NOT NULL[0m
  ↳ db/migrate/20210405215305_add_last_name_to_users.rb:4
  [1m[35m (7.2ms)[0m  [1m[35mALTER TABLE "users" DROP COLUMN "name"[0m
  ↳ db/migrate/20210405215305_add_last_name_to_users.rb:5
  [1m[36mActiveRecord::SchemaMigration Create (0.3ms)[0m  [1m[32mINSERT INTO "schema_migrations" ("version") VALUES ($1) RETURNING "version"[0m  [["version", "20210405215305"]]
  ↳ bin/rails:9
  [1m[35m (9.4ms)[0m  [1m[35mCOMMIT[0m
  ↳ bin/rails:9
  [1m[36mActiveRecord::InternalMetadata Load (6.1ms)[0m  [1m[34mSELECT  "ar_internal_metadata".* FROM "ar_internal_metadata" WHERE "ar_internal_metadata"."key" = $1 LIMIT $2[0m  [["key", "environment"], ["LIMIT", 1]]
  ↳ bin/rails:9
  [1m[35m (0.1ms)[0m  [1m[35mBEGIN[0m
  ↳ bin/rails:9
  [1m[35m (0.1ms)[0m  [1m[35mCOMMIT[0m
  ↳ bin/rails:9
  [1m[35m (0.1ms)[0m  [1m[34mSELECT pg_advisory_unlock(8709305028498251835)[0m
  ↳ bin/rails:9
  [1m[35m (0.2ms)[0m  [1m[34mSELECT "schema_migrations"."version" FROM "schema_migrations" ORDER BY "schema_migrations"."version" ASC[0m
  ↳ bin/rails:9
Started GET "/" for ::1 at 2021-04-05 15:25:39 -0700
  [1m[35m (6.8ms)[0m  [1m[34mSELECT "schema_migrations"."version" FROM "schema_migrations" ORDER BY "schema_migrations"."version" ASC[0m
  ↳ /home/jason/.rbenv/versions/2.5.1/lib/ruby/gems/2.5.0/gems/activerecord-5.2.5/lib/active_record/log_subscriber.rb:98
Processing by StaticPagesController#root as HTML
  Rendering static_pages/root.html.erb within layouts/application
  Rendered static_pages/root.html.erb within layouts/application (0.3ms)
Completed 200 OK in 290ms (Views: 286.1ms | ActiveRecord: 0.0ms)


Started POST "/api/users" for ::1 at 2021-04-05 15:28:56 -0700
Processing by Api::UsersController#create as JSON
  Parameters: {"user"=>{"1"=>{"id"=>"1", "first_name"=>"martin", "last_name"=>"masters", "email"=>"pupperonis@yahoo.com", "password"=>"[FILTERED]"}}}
Completed 500 Internal Server Error in 2ms (ActiveRecord: 0.0ms)



SyntaxError - syntax error, unexpected tIDENTIFIER, expecting keyword_end
...digest, :session_token presence: true
...                       ^~~~~~~~:
  app/models/user.rb:5:in `'
  app/controllers/api/users_controller.rb:4:in `create'

Started POST "/api/users" for ::1 at 2021-04-05 15:29:22 -0700
Processing by Api::UsersController#create as JSON
  Parameters: {"user"=>{"1"=>{"id"=>"1", "first_name"=>"martin", "last_name"=>"masters", "email"=>"pupperonis@yahoo.com", "password"=>"[FILTERED]"}}}
Completed 500 Internal Server Error in 3ms (ActiveRecord: 0.0ms)



SyntaxError - syntax error, unexpected tIDENTIFIER, expecting keyword_end
...digest, :session_token presence: true
...                       ^~~~~~~~:
  app/models/user.rb:5:in `'
  app/controllers/api/users_controller.rb:4:in `create'

Started GET "/" for ::1 at 2021-04-05 15:30:47 -0700
Processing by StaticPagesController#root as HTML
  Rendering static_pages/root.html.erb within layouts/application
  Rendered static_pages/root.html.erb within layouts/application (0.2ms)
Completed 200 OK in 47ms (Views: 46.1ms | ActiveRecord: 0.0ms)


Started POST "/api/users" for ::1 at 2021-04-05 15:30:52 -0700
Processing by Api::UsersController#create as JSON
  Parameters: {"user"=>{"1"=>{"id"=>"1", "first_name"=>"martin", "last_name"=>"masters", "email"=>"pupperonis@yahoo.com", "password"=>"[FILTERED]"}}}
Completed 500 Internal Server Error in 2ms (ActiveRecord: 0.0ms)



SyntaxError - syntax error, unexpected tIDENTIFIER, expecting keyword_end
...digest, :session_token presence: true
...                       ^~~~~~~~:
  app/models/user.rb:5:in `'
  app/controllers/api/users_controller.rb:4:in `create'

Started GET "/" for ::1 at 2021-04-05 15:31:29 -0700
Processing by StaticPagesController#root as HTML
  Rendering static_pages/root.html.erb within layouts/application
  Rendered static_pages/root.html.erb within layouts/application (0.2ms)
Completed 200 OK in 19ms (Views: 18.0ms | ActiveRecord: 0.0ms)


Started POST "/api/users" for ::1 at 2021-04-05 15:31:33 -0700
Processing by Api::UsersController#create as JSON
  Parameters: {"user"=>{"1"=>{"id"=>"1", "first_name"=>"martin", "last_name"=>"masters", "email"=>"pupperonis@yahoo.com", "password"=>"[FILTERED]"}}}
Unpermitted parameter: :1
  [1m[35m (0.1ms)[0m  [1m[35mBEGIN[0m
  ↳ app/controllers/api/users_controller.rb:6
  [1m[36mUser Exists (10.0ms)[0m  [1m[34mSELECT  1 AS one FROM "users" WHERE "users"."email" IS NULL LIMIT $1[0m  [["LIMIT", 1]]
  ↳ app/controllers/api/users_controller.rb:6
  [1m[35m (0.1ms)[0m  [1m[31mROLLBACK[0m
  ↳ app/controllers/api/users_controller.rb:6
Completed 422 Unprocessable Entity in 87ms (Views: 0.1ms | ActiveRecord: 13.2ms)


Started POST "/api/users" for ::1 at 2021-04-05 15:32:13 -0700
Processing by Api::UsersController#create as JSON
  Parameters: {"user1"=>{"id"=>"1", "first_name"=>"martin", "last_name"=>"masters", "email"=>"pupperonis@yahoo.com", "password"=>"[FILTERED]"}}
Completed 400 Bad Request in 3ms (ActiveRecord: 0.0ms)



ActionController::ParameterMissing - param is missing or the value is empty: user:
  app/controllers/api/users_controller.rb:22:in `user_params'
  app/controllers/api/users_controller.rb:4:in `create'

Started POST "/api/users" for ::1 at 2021-04-05 15:33:24 -0700
Processing by Api::UsersController#create as JSON
  Parameters: {"user2"=>{"first_name"=>"martin", "last_name"=>"masters", "email"=>"pupperonis@yahoo.com", "password"=>"[FILTERED]"}}
Completed 400 Bad Request in 0ms (ActiveRecord: 0.0ms)



ActionController::ParameterMissing - param is missing or the value is empty: user:
  app/controllers/api/users_controller.rb:22:in `user_params'
  app/controllers/api/users_controller.rb:4:in `create'

Started GET "/" for ::1 at 2021-04-05 15:34:24 -0700
Processing by StaticPagesController#root as HTML
  Rendering static_pages/root.html.erb within layouts/application
  Rendered static_pages/root.html.erb within layouts/application (0.1ms)
Completed 200 OK in 19ms (Views: 17.9ms | ActiveRecord: 0.0ms)


Started POST "/api/users" for ::1 at 2021-04-05 15:34:57 -0700
Processing by Api::UsersController#create as JSON
  Parameters: {"user3"=>{"first_name"=>"martin", "last_name"=>"masters", "email"=>"pupperonis@yahoo.com", "password"=>"[FILTERED]"}}
Completed 400 Bad Request in 3ms (ActiveRecord: 0.0ms)



ActionController::ParameterMissing - param is missing or the value is empty: user:
  app/controllers/api/users_controller.rb:22:in `user_params'
  app/controllers/api/users_controller.rb:4:in `create'

Started POST "/api/users" for ::1 at 2021-04-05 15:38:45 -0700
Processing by Api::UsersController#create as JSON
  Parameters: {"user4"=>{"user"=>{"first_name"=>"martin", "last_name"=>"masters", "email"=>"pupperonis@yahoo.com", "password"=>"[FILTERED]"}}}
Completed 400 Bad Request in 0ms (ActiveRecord: 0.0ms)



ActionController::ParameterMissing - param is missing or the value is empty: user:
  app/controllers/api/users_controller.rb:22:in `user_params'
  app/controllers/api/users_controller.rb:4:in `create'

Started POST "/api/users" for ::1 at 2021-04-05 15:43:15 -0700
Processing by Api::UsersController#create as JSON
  Parameters: {"user5"=>{"first_name"=>"martin", "last_name"=>"masters", "email"=>"pupperonis@yahoo.com", "password"=>"[FILTERED]"}}
Completed 400 Bad Request in 0ms (ActiveRecord: 0.0ms)



ActionController::ParameterMissing - param is missing or the value is empty: user:
  app/controllers/api/users_controller.rb:22:in `user_params'
  app/controllers/api/users_controller.rb:4:in `create'

Started GET "/" for ::1 at 2021-04-05 15:57:47 -0700
Processing by StaticPagesController#root as HTML
  Rendering static_pages/root.html.erb within layouts/application
  Rendered static_pages/root.html.erb within layouts/application (0.2ms)
Completed 200 OK in 216ms (Views: 214.6ms | ActiveRecord: 0.0ms)


Started GET "/" for ::1 at 2021-04-05 15:57:57 -0700
Processing by StaticPagesController#root as HTML
  Rendering static_pages/root.html.erb within layouts/application
  Rendered static_pages/root.html.erb within layouts/application (0.2ms)
Completed 200 OK in 237ms (Views: 236.3ms | ActiveRecord: 0.0ms)


Started GET "/" for ::1 at 2021-04-05 15:57:59 -0700
Processing by StaticPagesController#root as HTML
  Rendering static_pages/root.html.erb within layouts/application
  Rendered static_pages/root.html.erb within layouts/application (0.3ms)
Completed 200 OK in 29ms (Views: 27.6ms | ActiveRecord: 0.0ms)


Started GET "/" for ::1 at 2021-04-05 15:58:10 -0700
Processing by StaticPagesController#root as HTML
  Rendering static_pages/root.html.erb within layouts/application
  Rendered static_pages/root.html.erb within layouts/application (0.2ms)
Completed 200 OK in 243ms (Views: 241.4ms | ActiveRecord: 0.0ms)


Started GET "/" for ::1 at 2021-04-05 15:58:11 -0700
Processing by StaticPagesController#root as HTML
  Rendering static_pages/root.html.erb within layouts/application
  Rendered static_pages/root.html.erb within layouts/application (0.2ms)
Completed 200 OK in 25ms (Views: 23.8ms | ActiveRecord: 0.0ms)


Started GET "/" for ::1 at 2021-04-05 15:59:00 -0700
Processing by StaticPagesController#root as HTML
  Rendering static_pages/root.html.erb within layouts/application
  Rendered static_pages/root.html.erb within layouts/application (0.2ms)
Completed 200 OK in 234ms (Views: 232.9ms | ActiveRecord: 0.0ms)


Started GET "/" for ::1 at 2021-04-05 15:59:01 -0700
Processing by StaticPagesController#root as HTML
  Rendering static_pages/root.html.erb within layouts/application
  Rendered static_pages/root.html.erb within layouts/application (0.2ms)
Completed 200 OK in 23ms (Views: 21.9ms | ActiveRecord: 0.0ms)


Started GET "/" for ::1 at 2021-04-05 15:59:12 -0700
Processing by StaticPagesController#root as HTML
  Rendering static_pages/root.html.erb within layouts/application
  Rendered static_pages/root.html.erb within layouts/application (0.2ms)
Completed 200 OK in 357ms (Views: 356.0ms | ActiveRecord: 0.0ms)


Started POST "/api/users" for ::1 at 2021-04-05 15:59:35 -0700
Processing by Api::UsersController#create as JSON
  Parameters: {"user6"=>{"first_name"=>"martin", "last_name"=>"masters", "email"=>"pupperonis@yahoo.com", "password"=>"[FILTERED]"}}
Completed 400 Bad Request in 0ms (ActiveRecord: 0.0ms)



ActionController::ParameterMissing - param is missing or the value is empty: user:
  app/controllers/api/users_controller.rb:22:in `user_params'
  app/controllers/api/users_controller.rb:4:in `create'

Started POST "/api/users" for ::1 at 2021-04-05 16:05:37 -0700
Processing by Api::UsersController#create as JSON
  Parameters: {"user"=>{"first_name"=>"martin", "last_name"=>"masters", "email"=>"pupperonis@yahoo.com", "password"=>"[FILTERED]"}}
  [1m[35m (0.2ms)[0m  [1m[35mBEGIN[0m
  ↳ app/controllers/api/users_controller.rb:6
  [1m[36mUser Exists (0.8ms)[0m  [1m[34mSELECT  1 AS one FROM "users" WHERE "users"."email" = $1 LIMIT $2[0m  [["email", "pupperonis@yahoo.com"], ["LIMIT", 1]]
  ↳ app/controllers/api/users_controller.rb:6
  [1m[36mUser Create (1.5ms)[0m  [1m[32mINSERT INTO "users" ("email", "password_digest", "session_token", "created_at", "updated_at", "first_name", "last_name") VALUES ($1, $2, $3, $4, $5, $6, $7) RETURNING "id"[0m  [["email", "pupperonis@yahoo.com"], ["password_digest", "$2a$12$LOClaDlCpsNcKiRhYN64ve9Yuxy6kH0MOFLoPSntw6FKfrcfMrBcm"], ["session_token", "g2iUSrwvDIjy161MQhBmNA"], ["created_at", "2021-04-05 23:05:37.959972"], ["updated_at", "2021-04-05 23:05:37.959972"], ["first_name", "martin"], ["last_name", "masters"]]
  ↳ app/controllers/api/users_controller.rb:6
  [1m[35m (4.2ms)[0m  [1m[35mCOMMIT[0m
  ↳ app/controllers/api/users_controller.rb:6
  [1m[35m (0.1ms)[0m  [1m[35mBEGIN[0m
  ↳ app/models/user.rb:13
  [1m[36mUser Exists (0.2ms)[0m  [1m[34mSELECT  1 AS one FROM "users" WHERE "users"."email" = $1 AND "users"."id" != $2 LIMIT $3[0m  [["email", "pupperonis@yahoo.com"], ["id", 1], ["LIMIT", 1]]
  ↳ app/models/user.rb:13
  [1m[36mUser Update (0.3ms)[0m  [1m[33mUPDATE "users" SET "session_token" = $1, "updated_at" = $2 WHERE "users"."id" = $3[0m  [["session_token", "oDr1PZNBzmK3him2rG7vyw"], ["updated_at", "2021-04-05 23:05:37.967254"], ["id", 1]]
  ↳ app/models/user.rb:13
  [1m[35m (0.2ms)[0m  [1m[35mCOMMIT[0m
  ↳ app/models/user.rb:13
Completed 500 Internal Server Error in 230ms (ActiveRecord: 12.6ms)



ActionView::MissingTemplate - Missing template api/users with {:locale=>[:en], :formats=>[:json], :variants=>[], :handlers=>[:raw, :erb, :html, :builder, :ruby, :coffee, :jbuilder]}. Searched in:
  * "/mnt/c/Users/jmast/OneDrive/Desktop/Full_Stack_Project/jasonhood/app/views":
  app/controllers/api/users_controller.rb:8:in `create'

Started GET "/" for ::1 at 2021-04-05 16:07:51 -0700
Processing by StaticPagesController#root as HTML
  Rendering static_pages/root.html.erb within layouts/application
  Rendered static_pages/root.html.erb within layouts/application (0.2ms)
Completed 200 OK in 24ms (Views: 23.0ms | ActiveRecord: 0.0ms)


Started POST "/api/users" for ::1 at 2021-04-05 16:08:13 -0700
Processing by Api::UsersController#create as JSON
  Parameters: {"user"=>{"first_name"=>"martin", "last_name"=>"masters", "email"=>"pupperonis@yahoo.com", "password"=>"[FILTERED]"}}
  [1m[35m (0.1ms)[0m  [1m[35mBEGIN[0m
  ↳ app/controllers/api/users_controller.rb:6
  [1m[36mUser Exists (0.4ms)[0m  [1m[34mSELECT  1 AS one FROM "users" WHERE "users"."email" = $1 LIMIT $2[0m  [["email", "pupperonis@yahoo.com"], ["LIMIT", 1]]
  ↳ app/controllers/api/users_controller.rb:6
  [1m[35m (0.2ms)[0m  [1m[31mROLLBACK[0m
  ↳ app/controllers/api/users_controller.rb:6
Completed 422 Unprocessable Entity in 219ms (Views: 0.1ms | ActiveRecord: 3.7ms)


Started POST "/api/users" for ::1 at 2021-04-05 16:08:44 -0700
Processing by Api::UsersController#create as JSON
  Parameters: {"user"=>{"first_name"=>"martin", "last_name"=>"masters", "email"=>"potatos@yahoo.com", "password"=>"[FILTERED]"}}
  [1m[35m (0.1ms)[0m  [1m[35mBEGIN[0m
  ↳ app/controllers/api/users_controller.rb:6
  [1m[36mUser Exists (0.2ms)[0m  [1m[34mSELECT  1 AS one FROM "users" WHERE "users"."email" = $1 LIMIT $2[0m  [["email", "potatos@yahoo.com"], ["LIMIT", 1]]
  ↳ app/controllers/api/users_controller.rb:6
  [1m[36mUser Create (0.2ms)[0m  [1m[32mINSERT INTO "users" ("email", "password_digest", "session_token", "created_at", "updated_at", "first_name", "last_name") VALUES ($1, $2, $3, $4, $5, $6, $7) RETURNING "id"[0m  [["email", "potatos@yahoo.com"], ["password_digest", "$2a$12$5iA/FYnvCHxBDzL5CuM8/OnD.rPDlzAveSxAM7WUZXA.ua99jrypS"], ["session_token", "Jqw5GoLvOiBUSYx84awIuQ"], ["created_at", "2021-04-05 23:08:44.194566"], ["updated_at", "2021-04-05 23:08:44.194566"], ["first_name", "martin"], ["last_name", "masters"]]
  ↳ app/controllers/api/users_controller.rb:6
  [1m[35m (0.2ms)[0m  [1m[35mCOMMIT[0m
  ↳ app/controllers/api/users_controller.rb:6
  [1m[35m (0.1ms)[0m  [1m[35mBEGIN[0m
  ↳ app/models/user.rb:13
  [1m[36mUser Exists (0.2ms)[0m  [1m[34mSELECT  1 AS one FROM "users" WHERE "users"."email" = $1 AND "users"."id" != $2 LIMIT $3[0m  [["email", "potatos@yahoo.com"], ["id", 2], ["LIMIT", 1]]
  ↳ app/models/user.rb:13
  [1m[36mUser Update (0.2ms)[0m  [1m[33mUPDATE "users" SET "session_token" = $1, "updated_at" = $2 WHERE "users"."id" = $3[0m  [["session_token", "5aLarOMniToApB0AWE9acw"], ["updated_at", "2021-04-05 23:08:44.196817"], ["id", 2]]
  ↳ app/models/user.rb:13
  [1m[35m (0.2ms)[0m  [1m[35mCOMMIT[0m
  ↳ app/models/user.rb:13
  Rendering api/users/show.json.jbuilder
  Rendered api/users/show.json.jbuilder (0.9ms)
Completed 200 OK in 194ms (Views: 5.4ms | ActiveRecord: 1.3ms)


Started GET "/" for ::1 at 2021-04-05 17:30:14 -0700
Processing by StaticPagesController#root as HTML
  Rendering static_pages/root.html.erb within layouts/application
  Rendered static_pages/root.html.erb within layouts/application (0.2ms)
Completed 200 OK in 224ms (Views: 222.7ms | ActiveRecord: 0.0ms)


Started GET "/" for ::1 at 2021-04-05 17:31:36 -0700
Processing by StaticPagesController#root as HTML
  Rendering static_pages/root.html.erb within layouts/application
  Rendered static_pages/root.html.erb within layouts/application (0.2ms)
Completed 200 OK in 227ms (Views: 226.0ms | ActiveRecord: 0.0ms)


Started GET "/" for ::1 at 2021-04-05 17:32:21 -0700
Processing by StaticPagesController#root as HTML
  Rendering static_pages/root.html.erb within layouts/application
  Rendered static_pages/root.html.erb within layouts/application (0.2ms)
Completed 200 OK in 215ms (Views: 213.5ms | ActiveRecord: 0.0ms)


Started GET "/" for ::1 at 2021-04-05 17:33:13 -0700
Processing by StaticPagesController#root as HTML
  Rendering static_pages/root.html.erb within layouts/application
  Rendered static_pages/root.html.erb within layouts/application (0.2ms)
Completed 200 OK in 223ms (Views: 222.3ms | ActiveRecord: 0.0ms)


Started GET "/" for ::1 at 2021-04-05 17:34:13 -0700
Processing by StaticPagesController#root as HTML
  Rendering static_pages/root.html.erb within layouts/application
  Rendered static_pages/root.html.erb within layouts/application (0.2ms)
Completed 200 OK in 215ms (Views: 213.7ms | ActiveRecord: 0.0ms)


Started GET "/" for ::1 at 2021-04-05 17:34:35 -0700
Processing by StaticPagesController#root as HTML
  Rendering static_pages/root.html.erb within layouts/application
  Rendered static_pages/root.html.erb within layouts/application (0.2ms)
Completed 200 OK in 22ms (Views: 21.3ms | ActiveRecord: 0.0ms)


Started GET "/" for ::1 at 2021-04-05 17:35:01 -0700
Processing by StaticPagesController#root as HTML
  Rendering static_pages/root.html.erb within layouts/application
  Rendered static_pages/root.html.erb within layouts/application (0.2ms)
Completed 200 OK in 219ms (Views: 217.5ms | ActiveRecord: 0.0ms)


Started GET "/" for ::1 at 2021-04-05 17:35:19 -0700
Processing by StaticPagesController#root as HTML
  Rendering static_pages/root.html.erb within layouts/application
  Rendered static_pages/root.html.erb within layouts/application (0.2ms)
Completed 200 OK in 239ms (Views: 237.4ms | ActiveRecord: 0.0ms)


Started GET "/" for ::1 at 2021-04-05 17:35:26 -0700
Processing by StaticPagesController#root as HTML
  Rendering static_pages/root.html.erb within layouts/application
  Rendered static_pages/root.html.erb within layouts/application (0.2ms)
Completed 200 OK in 222ms (Views: 220.8ms | ActiveRecord: 0.0ms)


Started GET "/" for ::1 at 2021-04-05 17:44:14 -0700
Processing by StaticPagesController#root as HTML
  Rendering static_pages/root.html.erb within layouts/application
  Rendered static_pages/root.html.erb within layouts/application (0.2ms)
Completed 200 OK in 252ms (Views: 250.4ms | ActiveRecord: 0.0ms)


Started GET "/" for ::1 at 2021-04-05 17:44:26 -0700
Processing by StaticPagesController#root as HTML
  Rendering static_pages/root.html.erb within layouts/application
  Rendered static_pages/root.html.erb within layouts/application (0.2ms)
Completed 200 OK in 256ms (Views: 254.9ms | ActiveRecord: 0.0ms)


Started GET "/" for ::1 at 2021-04-05 18:13:22 -0700
Processing by StaticPagesController#root as HTML
  Rendering static_pages/root.html.erb within layouts/application
  Rendered static_pages/root.html.erb within layouts/application (0.2ms)
Completed 200 OK in 32ms (Views: 30.6ms | ActiveRecord: 0.0ms)


Started GET "/" for ::1 at 2021-04-05 18:17:55 -0700
Processing by StaticPagesController#root as HTML
  Rendering static_pages/root.html.erb within layouts/application
  Rendered static_pages/root.html.erb within layouts/application (0.2ms)
Completed 200 OK in 250ms (Views: 248.7ms | ActiveRecord: 0.0ms)


Started GET "/" for ::1 at 2021-04-05 18:18:17 -0700
Processing by StaticPagesController#root as HTML
  Rendering static_pages/root.html.erb within layouts/application
  Rendered static_pages/root.html.erb within layouts/application (0.2ms)
Completed 200 OK in 241ms (Views: 240.3ms | ActiveRecord: 0.0ms)


Started GET "/" for ::1 at 2021-04-05 18:18:23 -0700
Processing by StaticPagesController#root as HTML
  Rendering static_pages/root.html.erb within layouts/application
  Rendered static_pages/root.html.erb within layouts/application (0.2ms)
Completed 200 OK in 20ms (Views: 18.4ms | ActiveRecord: 0.0ms)


Started GET "/" for ::1 at 2021-04-05 18:18:27 -0700
Processing by StaticPagesController#root as HTML
  Rendering static_pages/root.html.erb within layouts/application
  Rendered static_pages/root.html.erb within layouts/application (0.2ms)
Completed 200 OK in 23ms (Views: 22.1ms | ActiveRecord: 0.0ms)


Started GET "/" for ::1 at 2021-04-05 18:18:28 -0700
Processing by StaticPagesController#root as HTML
  Rendering static_pages/root.html.erb within layouts/application
  Rendered static_pages/root.html.erb within layouts/application (0.2ms)
Completed 200 OK in 249ms (Views: 248.0ms | ActiveRecord: 0.0ms)


Started GET "/" for ::1 at 2021-04-05 18:18:29 -0700
Processing by StaticPagesController#root as HTML
  Rendering static_pages/root.html.erb within layouts/application
  Rendered static_pages/root.html.erb within layouts/application (0.2ms)
Completed 200 OK in 19ms (Views: 17.7ms | ActiveRecord: 0.0ms)


Started GET "/" for ::1 at 2021-04-05 18:18:30 -0700
Processing by StaticPagesController#root as HTML
  Rendering static_pages/root.html.erb within layouts/application
  Rendered static_pages/root.html.erb within layouts/application (0.2ms)
Completed 200 OK in 18ms (Views: 16.8ms | ActiveRecord: 0.0ms)


Started GET "/" for ::1 at 2021-04-05 18:18:31 -0700
Processing by StaticPagesController#root as HTML
  Rendering static_pages/root.html.erb within layouts/application
  Rendered static_pages/root.html.erb within layouts/application (0.3ms)
Completed 200 OK in 20ms (Views: 18.4ms | ActiveRecord: 0.0ms)


Started GET "/" for ::1 at 2021-04-05 18:20:25 -0700
Processing by StaticPagesController#root as HTML
  Rendering static_pages/root.html.erb within layouts/application
  Rendered static_pages/root.html.erb within layouts/application (0.2ms)
Completed 200 OK in 243ms (Views: 241.6ms | ActiveRecord: 0.0ms)


Started GET "/" for ::1 at 2021-04-05 18:21:06 -0700
Processing by StaticPagesController#root as HTML
  Rendering static_pages/root.html.erb within layouts/application
  Rendered static_pages/root.html.erb within layouts/application (0.2ms)
Completed 500 Internal Server Error in 119ms (ActiveRecord: 0.0ms)



Errno::ENOENT - No such file or directory @ apply2files - /mnt/c/Users/jmast/OneDrive/Desktop/Full_Stack_Project/jasonhood/tmp/cache/assets/sprockets/v3.0/UL/UL0EPOjCuo0oboFBE0wILlRTyqqJ8i5dUrM0knRmtzE.cache.70368704132140.9317.254782:
  app/views/layouts/application.html.erb:9:in `_app_views_layouts_application_html_erb___670511971892725798_70047159319840'

Started POST "/__better_errors/a6c5b924e463ff37/variables" for ::1 at 2021-04-05 18:21:06 -0700
Started GET "/" for ::1 at 2021-04-05 18:21:12 -0700
Processing by StaticPagesController#root as HTML
  Rendering static_pages/root.html.erb within layouts/application
  Rendered static_pages/root.html.erb within layouts/application (0.2ms)
Completed 200 OK in 226ms (Views: 224.8ms | ActiveRecord: 0.0ms)


Started GET "/" for ::1 at 2021-04-05 18:21:23 -0700
Processing by StaticPagesController#root as HTML
  Rendering static_pages/root.html.erb within layouts/application
  Rendered static_pages/root.html.erb within layouts/application (0.2ms)
Completed 500 Internal Server Error in 16ms (ActiveRecord: 0.0ms)



Errno::ENOENT - No such file or directory @ apply2files - /mnt/c/Users/jmast/OneDrive/Desktop/Full_Stack_Project/jasonhood/tmp/cache/assets/sprockets/v3.0/Xk/Xk7pneiZZGVuEVEoqaM2agW8GSw1AqqkI_t1rNr2kn0.cache.70368704131600.9317.952384:
  app/views/layouts/application.html.erb:9:in `_app_views_layouts_application_html_erb___670511971892725798_70047301976360'

Started POST "/__better_errors/0c9dd9324f6d69ae/variables" for ::1 at 2021-04-05 18:21:23 -0700
Started GET "/" for ::1 at 2021-04-05 18:21:24 -0700
Processing by StaticPagesController#root as HTML
  Rendering static_pages/root.html.erb within layouts/application
  Rendered static_pages/root.html.erb within layouts/application (0.2ms)
Completed 200 OK in 242ms (Views: 240.2ms | ActiveRecord: 0.0ms)


Started GET "/" for ::1 at 2021-04-05 18:21:32 -0700
Processing by StaticPagesController#root as HTML
  Rendering static_pages/root.html.erb within layouts/application
  Rendered static_pages/root.html.erb within layouts/application (0.2ms)
Completed 200 OK in 21ms (Views: 20.2ms | ActiveRecord: 0.0ms)


Started GET "/" for ::1 at 2021-04-05 18:21:34 -0700
Processing by StaticPagesController#root as HTML
  Rendering static_pages/root.html.erb within layouts/application
  Rendered static_pages/root.html.erb within layouts/application (0.2ms)
Completed 200 OK in 248ms (Views: 247.0ms | ActiveRecord: 0.0ms)


Started POST "/api/users" for ::1 at 2021-04-05 18:27:08 -0700
Processing by Api::UsersController#create as JSON
Completed 400 Bad Request in 4ms (ActiveRecord: 0.0ms)



ActionController::ParameterMissing - param is missing or the value is empty: user:
  app/controllers/api/users_controller.rb:22:in `user_params'
  app/controllers/api/users_controller.rb:4:in `create'

Started GET "/" for ::1 at 2021-04-05 18:29:56 -0700
Processing by StaticPagesController#root as HTML
  Rendering static_pages/root.html.erb within layouts/application
  Rendered static_pages/root.html.erb within layouts/application (0.2ms)
Completed 200 OK in 252ms (Views: 251.2ms | ActiveRecord: 0.0ms)


Started GET "/" for ::1 at 2021-04-05 18:30:24 -0700
Processing by StaticPagesController#root as HTML
  Rendering static_pages/root.html.erb within layouts/application
  Rendered static_pages/root.html.erb within layouts/application (0.2ms)
Completed 200 OK in 259ms (Views: 257.4ms | ActiveRecord: 0.0ms)


Started POST "/api/users" for ::1 at 2021-04-05 18:31:13 -0700
Processing by Api::UsersController#create as JSON
Completed 400 Bad Request in 4ms (ActiveRecord: 0.0ms)



ActionController::ParameterMissing - param is missing or the value is empty: user:
  app/controllers/api/users_controller.rb:22:in `user_params'
  app/controllers/api/users_controller.rb:4:in `create'

Started GET "/" for ::1 at 2021-04-05 18:35:25 -0700
Processing by StaticPagesController#root as HTML
  Rendering static_pages/root.html.erb within layouts/application
  Rendered static_pages/root.html.erb within layouts/application (0.2ms)
Completed 200 OK in 260ms (Views: 259.3ms | ActiveRecord: 0.0ms)


Started GET "/" for ::1 at 2021-04-05 18:36:06 -0700
Processing by StaticPagesController#root as HTML
  Rendering static_pages/root.html.erb within layouts/application
  Rendered static_pages/root.html.erb within layouts/application (0.2ms)
Completed 200 OK in 241ms (Views: 239.4ms | ActiveRecord: 0.0ms)


Started GET "/" for ::1 at 2021-04-05 18:36:34 -0700
Processing by StaticPagesController#root as HTML
  Rendering static_pages/root.html.erb within layouts/application
  Rendered static_pages/root.html.erb within layouts/application (0.2ms)
Completed 200 OK in 244ms (Views: 243.1ms | ActiveRecord: 0.0ms)


Started GET "/" for ::1 at 2021-04-05 18:37:05 -0700
Processing by StaticPagesController#root as HTML
  Rendering static_pages/root.html.erb within layouts/application
  Rendered static_pages/root.html.erb within layouts/application (0.2ms)
Completed 200 OK in 242ms (Views: 241.2ms | ActiveRecord: 0.0ms)


Started POST "/api/users" for ::1 at 2021-04-05 18:37:18 -0700
Processing by Api::UsersController#create as JSON
Completed 400 Bad Request in 0ms (ActiveRecord: 0.0ms)



ActionController::ParameterMissing - param is missing or the value is empty: user:
  app/controllers/api/users_controller.rb:22:in `user_params'
  app/controllers/api/users_controller.rb:4:in `create'

Started GET "/" for ::1 at 2021-04-06 09:20:17 -0700
  [1m[35m (6.7ms)[0m  [1m[34mSELECT "schema_migrations"."version" FROM "schema_migrations" ORDER BY "schema_migrations"."version" ASC[0m
  ↳ /home/jason/.rbenv/versions/2.5.1/lib/ruby/gems/2.5.0/gems/activerecord-5.2.5/lib/active_record/log_subscriber.rb:98
Processing by StaticPagesController#root as HTML
  Rendering static_pages/root.html.erb within layouts/application
  Rendered static_pages/root.html.erb within layouts/application (4.3ms)
Completed 200 OK in 1917ms (Views: 1912.9ms | ActiveRecord: 0.0ms)


Started GET "/" for ::1 at 2021-04-06 09:20:56 -0700
Processing by StaticPagesController#root as HTML
  Rendering static_pages/root.html.erb within layouts/application
  Rendered static_pages/root.html.erb within layouts/application (0.2ms)
Completed 200 OK in 270ms (Views: 268.7ms | ActiveRecord: 0.0ms)


Started GET "/" for ::1 at 2021-04-06 09:21:44 -0700
Processing by StaticPagesController#root as HTML
  Rendering static_pages/root.html.erb within layouts/application
  Rendered static_pages/root.html.erb within layouts/application (0.2ms)
Completed 200 OK in 251ms (Views: 249.8ms | ActiveRecord: 0.0ms)


Started GET "/" for ::1 at 2021-04-06 09:22:23 -0700
Processing by StaticPagesController#root as HTML
  Rendering static_pages/root.html.erb within layouts/application
  Rendered static_pages/root.html.erb within layouts/application (0.2ms)
Completed 200 OK in 20ms (Views: 18.7ms | ActiveRecord: 0.0ms)


Started GET "/" for ::1 at 2021-04-06 09:22:27 -0700
Processing by StaticPagesController#root as HTML
  Rendering static_pages/root.html.erb within layouts/application
  Rendered static_pages/root.html.erb within layouts/application (0.2ms)
Completed 200 OK in 27ms (Views: 26.3ms | ActiveRecord: 0.0ms)


Started GET "/" for ::1 at 2021-04-06 09:23:01 -0700
Processing by StaticPagesController#root as HTML
  Rendering static_pages/root.html.erb within layouts/application
  Rendered static_pages/root.html.erb within layouts/application (0.4ms)
Completed 200 OK in 275ms (Views: 274.0ms | ActiveRecord: 0.0ms)


Started GET "/" for ::1 at 2021-04-06 09:24:14 -0700
Processing by StaticPagesController#root as HTML
  Rendering static_pages/root.html.erb within layouts/application
  Rendered static_pages/root.html.erb within layouts/application (0.2ms)
Completed 200 OK in 263ms (Views: 261.9ms | ActiveRecord: 0.0ms)


Started GET "/" for ::1 at 2021-04-06 09:26:40 -0700
Processing by StaticPagesController#root as HTML
  Rendering static_pages/root.html.erb within layouts/application
  Rendered static_pages/root.html.erb within layouts/application (0.2ms)
Completed 200 OK in 235ms (Views: 234.2ms | ActiveRecord: 0.0ms)


Started GET "/" for ::1 at 2021-04-06 09:27:00 -0700
Processing by StaticPagesController#root as HTML
  Rendering static_pages/root.html.erb within layouts/application
  Rendered static_pages/root.html.erb within layouts/application (0.2ms)
Completed 200 OK in 267ms (Views: 265.8ms | ActiveRecord: 0.0ms)


Started GET "/" for ::1 at 2021-04-06 09:27:31 -0700
Processing by StaticPagesController#root as HTML
  Rendering static_pages/root.html.erb within layouts/application
  Rendered static_pages/root.html.erb within layouts/application (0.3ms)
Completed 200 OK in 266ms (Views: 264.4ms | ActiveRecord: 0.0ms)


Started GET "/" for ::1 at 2021-04-06 09:27:47 -0700
Processing by StaticPagesController#root as HTML
  Rendering static_pages/root.html.erb within layouts/application
  Rendered static_pages/root.html.erb within layouts/application (0.3ms)
Completed 200 OK in 265ms (Views: 263.4ms | ActiveRecord: 0.0ms)


Started POST "/api/users" for ::1 at 2021-04-06 09:27:53 -0700
Processing by Api::UsersController#create as JSON
Completed 400 Bad Request in 11ms (ActiveRecord: 0.0ms)



ActionController::ParameterMissing - param is missing or the value is empty: user:
  app/controllers/api/users_controller.rb:22:in `user_params'
  app/controllers/api/users_controller.rb:4:in `create'

Started GET "/" for ::1 at 2021-04-06 09:28:37 -0700
Processing by StaticPagesController#root as HTML
  Rendering static_pages/root.html.erb within layouts/application
  Rendered static_pages/root.html.erb within layouts/application (0.1ms)
Completed 200 OK in 235ms (Views: 233.7ms | ActiveRecord: 0.0ms)


Started POST "/api/users" for ::1 at 2021-04-06 09:28:40 -0700
Processing by Api::UsersController#create as JSON
Completed 400 Bad Request in 4ms (ActiveRecord: 0.0ms)



ActionController::ParameterMissing - param is missing or the value is empty: user:
  app/controllers/api/users_controller.rb:22:in `user_params'
  app/controllers/api/users_controller.rb:4:in `create'

Started GET "/" for ::1 at 2021-04-06 09:30:37 -0700
Processing by StaticPagesController#root as HTML
  Rendering static_pages/root.html.erb within layouts/application
  Rendered static_pages/root.html.erb within layouts/application (0.4ms)
Completed 200 OK in 245ms (Views: 243.7ms | ActiveRecord: 0.0ms)


Started GET "/" for ::1 at 2021-04-06 09:33:01 -0700
Processing by StaticPagesController#root as HTML
  Rendering static_pages/root.html.erb within layouts/application
  Rendered static_pages/root.html.erb within layouts/application (0.2ms)
Completed 200 OK in 243ms (Views: 241.4ms | ActiveRecord: 0.0ms)


Started GET "/" for ::1 at 2021-04-06 09:33:06 -0700
Processing by StaticPagesController#root as HTML
  Rendering static_pages/root.html.erb within layouts/application
  Rendered static_pages/root.html.erb within layouts/application (0.2ms)
Completed 200 OK in 23ms (Views: 21.3ms | ActiveRecord: 0.0ms)


Started GET "/" for ::1 at 2021-04-06 09:33:07 -0700
Processing by StaticPagesController#root as HTML
  Rendering static_pages/root.html.erb within layouts/application
  Rendered static_pages/root.html.erb within layouts/application (0.2ms)
Completed 200 OK in 252ms (Views: 250.7ms | ActiveRecord: 0.0ms)


Started GET "/" for ::1 at 2021-04-06 09:33:42 -0700
Processing by StaticPagesController#root as HTML
  Rendering static_pages/root.html.erb within layouts/application
  Rendered static_pages/root.html.erb within layouts/application (0.2ms)
Completed 200 OK in 265ms (Views: 264.3ms | ActiveRecord: 0.0ms)


Started POST "/api/users" for ::1 at 2021-04-06 09:34:00 -0700
Processing by Api::UsersController#create as JSON
Completed 400 Bad Request in 3ms (ActiveRecord: 0.0ms)



ActionController::ParameterMissing - param is missing or the value is empty: user:
  app/controllers/api/users_controller.rb:22:in `user_params'
  app/controllers/api/users_controller.rb:4:in `create'

Started GET "/" for ::1 at 2021-04-06 09:35:07 -0700
Processing by StaticPagesController#root as HTML
  Rendering static_pages/root.html.erb within layouts/application
  Rendered static_pages/root.html.erb within layouts/application (0.2ms)
Completed 200 OK in 248ms (Views: 246.7ms | ActiveRecord: 0.0ms)


Started GET "/" for ::1 at 2021-04-06 09:35:59 -0700
Processing by StaticPagesController#root as HTML
  Rendering static_pages/root.html.erb within layouts/application
  Rendered static_pages/root.html.erb within layouts/application (0.2ms)
Completed 500 Internal Server Error in 133ms (ActiveRecord: 0.0ms)



Errno::ENOENT - No such file or directory @ apply2files - /mnt/c/Users/jmast/OneDrive/Desktop/Full_Stack_Project/jasonhood/tmp/cache/assets/sprockets/v3.0/o2/o2yqUCCkVJAxkhBW_lQQRJo84FxocrFipCy6zaM_-z0.cache.70368290194960.1587.149443:
  app/views/layouts/application.html.erb:9:in `_app_views_layouts_application_html_erb__2049214038015544839_70192200664140'

Started POST "/__better_errors/8c721120f8cf86db/variables" for ::1 at 2021-04-06 09:35:59 -0700
Started GET "/" for ::1 at 2021-04-06 09:36:01 -0700
Processing by StaticPagesController#root as HTML
  Rendering static_pages/root.html.erb within layouts/application
  Rendered static_pages/root.html.erb within layouts/application (0.2ms)
Completed 200 OK in 236ms (Views: 235.4ms | ActiveRecord: 0.0ms)


Started POST "/api/users" for ::1 at 2021-04-06 09:36:11 -0700
Processing by Api::UsersController#create as JSON
Completed 400 Bad Request in 1ms (ActiveRecord: 0.0ms)



ActionController::ParameterMissing - param is missing or the value is empty: user:
  app/controllers/api/users_controller.rb:22:in `user_params'
  app/controllers/api/users_controller.rb:4:in `create'

Started GET "/" for ::1 at 2021-04-06 09:36:23 -0700
Processing by StaticPagesController#root as HTML
  Rendering static_pages/root.html.erb within layouts/application
  Rendered static_pages/root.html.erb within layouts/application (0.2ms)
Completed 200 OK in 26ms (Views: 25.0ms | ActiveRecord: 0.0ms)


Started POST "/api/users" for ::1 at 2021-04-06 09:36:30 -0700
Processing by Api::UsersController#create as JSON
Completed 400 Bad Request in 0ms (ActiveRecord: 0.0ms)



ActionController::ParameterMissing - param is missing or the value is empty: user:
  app/controllers/api/users_controller.rb:22:in `user_params'
  app/controllers/api/users_controller.rb:4:in `create'

Started GET "/" for ::1 at 2021-04-06 09:41:10 -0700
Processing by StaticPagesController#root as HTML
  Rendering static_pages/root.html.erb within layouts/application
  Rendered static_pages/root.html.erb within layouts/application (0.2ms)
Completed 200 OK in 245ms (Views: 243.8ms | ActiveRecord: 0.0ms)


Started POST "/api/users" for ::1 at 2021-04-06 09:41:15 -0700
Processing by Api::UsersController#create as JSON
Completed 400 Bad Request in 0ms (ActiveRecord: 0.0ms)



ActionController::ParameterMissing - param is missing or the value is empty: user:
  app/controllers/api/users_controller.rb:22:in `user_params'
  app/controllers/api/users_controller.rb:4:in `create'

Started GET "/" for ::1 at 2021-04-06 09:46:41 -0700
Processing by StaticPagesController#root as HTML
  Rendering static_pages/root.html.erb within layouts/application
  Rendered static_pages/root.html.erb within layouts/application (0.3ms)
Completed 200 OK in 25ms (Views: 23.4ms | ActiveRecord: 0.0ms)


Started POST "/api/users" for ::1 at 2021-04-06 09:46:46 -0700
Processing by Api::UsersController#create as JSON
Completed 400 Bad Request in 1ms (ActiveRecord: 0.0ms)



ActionController::ParameterMissing - param is missing or the value is empty: user:
  app/controllers/api/users_controller.rb:22:in `user_params'
  app/controllers/api/users_controller.rb:4:in `create'

Started GET "/" for ::1 at 2021-04-06 09:49:11 -0700
Processing by StaticPagesController#root as HTML
  Rendering static_pages/root.html.erb within layouts/application
  Rendered static_pages/root.html.erb within layouts/application (0.2ms)
Completed 200 OK in 279ms (Views: 277.7ms | ActiveRecord: 0.0ms)


Started POST "/api/users" for ::1 at 2021-04-06 09:49:16 -0700
Processing by Api::UsersController#create as JSON
Completed 400 Bad Request in 0ms (ActiveRecord: 0.0ms)



ActionController::ParameterMissing - param is missing or the value is empty: user:
  app/controllers/api/users_controller.rb:22:in `user_params'
  app/controllers/api/users_controller.rb:4:in `create'

Started GET "/" for ::1 at 2021-04-06 09:51:53 -0700
Processing by StaticPagesController#root as HTML
  Rendering static_pages/root.html.erb within layouts/application
  Rendered static_pages/root.html.erb within layouts/application (0.3ms)
Completed 200 OK in 278ms (Views: 276.8ms | ActiveRecord: 0.0ms)


Started POST "/api/users" for ::1 at 2021-04-06 09:51:58 -0700
Processing by Api::UsersController#create as JSON
  Parameters: {"user"=>{"email"=>"tyjfyjtfdyjft", "first_name"=>"ukfguyhkjfty", "last_name"=>"yjtdgjtyfg", "password"=>"[FILTERED]"}}
  [1m[35m (0.2ms)[0m  [1m[35mBEGIN[0m
  ↳ app/controllers/api/users_controller.rb:6
  [1m[36mUser Exists (16.2ms)[0m  [1m[34mSELECT  1 AS one FROM "users" WHERE "users"."email" = $1 LIMIT $2[0m  [["email", "tyjfyjtfdyjft"], ["LIMIT", 1]]
  ↳ app/controllers/api/users_controller.rb:6
  [1m[36mUser Create (10.7ms)[0m  [1m[32mINSERT INTO "users" ("email", "password_digest", "session_token", "created_at", "updated_at", "first_name", "last_name") VALUES ($1, $2, $3, $4, $5, $6, $7) RETURNING "id"[0m  [["email", "tyjfyjtfdyjft"], ["password_digest", "$2a$12$QTMdi9D3EvpP2iFe44IGcOjojyR2wJLEFnaFfYAzSNEvE7cQlwFUm"], ["session_token", "KwMSifHUB3dWZ8B9kwJisA"], ["created_at", "2021-04-06 16:51:59.069722"], ["updated_at", "2021-04-06 16:51:59.069722"], ["first_name", "ukfguyhkjfty"], ["last_name", "yjtdgjtyfg"]]
  ↳ app/controllers/api/users_controller.rb:6
  [1m[35m (3.5ms)[0m  [1m[35mCOMMIT[0m
  ↳ app/controllers/api/users_controller.rb:6
  [1m[35m (0.1ms)[0m  [1m[35mBEGIN[0m
  ↳ app/models/user.rb:13
  [1m[36mUser Exists (0.3ms)[0m  [1m[34mSELECT  1 AS one FROM "users" WHERE "users"."email" = $1 AND "users"."id" != $2 LIMIT $3[0m  [["email", "tyjfyjtfdyjft"], ["id", 3], ["LIMIT", 1]]
  ↳ app/models/user.rb:13
  [1m[36mUser Update (0.2ms)[0m  [1m[33mUPDATE "users" SET "session_token" = $1, "updated_at" = $2 WHERE "users"."id" = $3[0m  [["session_token", "Ama34xfYbJGGm2hB8_T1Lw"], ["updated_at", "2021-04-06 16:51:59.086168"], ["id", 3]]
  ↳ app/models/user.rb:13
  [1m[35m (0.2ms)[0m  [1m[35mCOMMIT[0m
  ↳ app/models/user.rb:13
  Rendering api/users/show.json.jbuilder
  Rendered api/users/show.json.jbuilder (0.6ms)
Completed 200 OK in 263ms (Views: 7.4ms | ActiveRecord: 38.5ms)


Started GET "/" for ::1 at 2021-04-06 09:53:46 -0700
Processing by StaticPagesController#root as HTML
  Rendering static_pages/root.html.erb within layouts/application
  Rendered static_pages/root.html.erb within layouts/application (0.2ms)
Completed 200 OK in 268ms (Views: 267.1ms | ActiveRecord: 0.0ms)


Started GET "/" for ::1 at 2021-04-06 09:53:54 -0700
Processing by StaticPagesController#root as HTML
  Rendering static_pages/root.html.erb within layouts/application
  Rendered static_pages/root.html.erb within layouts/application (0.3ms)
Completed 200 OK in 34ms (Views: 31.7ms | ActiveRecord: 0.0ms)


Started POST "/api/users" for ::1 at 2021-04-06 09:53:59 -0700
Processing by Api::UsersController#create as JSON
  Parameters: {"user"=>{"email"=>"gsergse", "first_name"=>"rtshtxdrhgrsd", "last_name"=>"sghsegsre", "password"=>"[FILTERED]"}}
  [1m[35m (0.1ms)[0m  [1m[35mBEGIN[0m
  ↳ app/controllers/api/users_controller.rb:6
  [1m[36mUser Exists (0.2ms)[0m  [1m[34mSELECT  1 AS one FROM "users" WHERE "users"."email" = $1 LIMIT $2[0m  [["email", "gsergse"], ["LIMIT", 1]]
  ↳ app/controllers/api/users_controller.rb:6
  [1m[36mUser Create (0.2ms)[0m  [1m[32mINSERT INTO "users" ("email", "password_digest", "session_token", "created_at", "updated_at", "first_name", "last_name") VALUES ($1, $2, $3, $4, $5, $6, $7) RETURNING "id"[0m  [["email", "gsergse"], ["password_digest", "$2a$12$t7GdyxKptrBJdlsMWiavZegnxz1ezSWWuFcVP0vnNkZOtfZaagrqm"], ["session_token", "cK6B1UfiLT0R66eKO__hfg"], ["created_at", "2021-04-06 16:53:59.547465"], ["updated_at", "2021-04-06 16:53:59.547465"], ["first_name", "rtshtxdrhgrsd"], ["last_name", "sghsegsre"]]
  ↳ app/controllers/api/users_controller.rb:6
  [1m[35m (0.2ms)[0m  [1m[35mCOMMIT[0m
  ↳ app/controllers/api/users_controller.rb:6
  [1m[35m (0.0ms)[0m  [1m[35mBEGIN[0m
  ↳ app/models/user.rb:13
  [1m[36mUser Exists (0.1ms)[0m  [1m[34mSELECT  1 AS one FROM "users" WHERE "users"."email" = $1 AND "users"."id" != $2 LIMIT $3[0m  [["email", "gsergse"], ["id", 4], ["LIMIT", 1]]
  ↳ app/models/user.rb:13
  [1m[36mUser Update (0.3ms)[0m  [1m[33mUPDATE "users" SET "session_token" = $1, "updated_at" = $2 WHERE "users"."id" = $3[0m  [["session_token", "vk9SAsFxNQG1N_gWCiAX6w"], ["updated_at", "2021-04-06 16:53:59.549177"], ["id", 4]]
  ↳ app/models/user.rb:13
  [1m[35m (0.2ms)[0m  [1m[35mCOMMIT[0m
  ↳ app/models/user.rb:13
  Rendering api/users/show.json.jbuilder
  Rendered api/users/show.json.jbuilder (0.3ms)
Completed 200 OK in 193ms (Views: 4.2ms | ActiveRecord: 1.5ms)


Started GET "/" for ::1 at 2021-04-06 09:55:24 -0700
Processing by StaticPagesController#root as HTML
  Rendering static_pages/root.html.erb within layouts/application
  Rendered static_pages/root.html.erb within layouts/application (0.3ms)
Completed 200 OK in 278ms (Views: 274.7ms | ActiveRecord: 0.0ms)


Started POST "/api/users" for ::1 at 2021-04-06 09:55:27 -0700
Processing by Api::UsersController#create as JSON
  Parameters: {"user"=>{"email"=>"gesrgsr", "first_name"=>"thxftdhd", "last_name"=>"gdezrgdxr", "password"=>"[FILTERED]"}}
  [1m[35m (0.1ms)[0m  [1m[35mBEGIN[0m
  ↳ app/controllers/api/users_controller.rb:6
  [1m[36mUser Exists (0.2ms)[0m  [1m[34mSELECT  1 AS one FROM "users" WHERE "users"."email" = $1 LIMIT $2[0m  [["email", "gesrgsr"], ["LIMIT", 1]]
  ↳ app/controllers/api/users_controller.rb:6
  [1m[36mUser Create (0.2ms)[0m  [1m[32mINSERT INTO "users" ("email", "password_digest", "session_token", "created_at", "updated_at", "first_name", "last_name") VALUES ($1, $2, $3, $4, $5, $6, $7) RETURNING "id"[0m  [["email", "gesrgsr"], ["password_digest", "$2a$12$7ZU4uRFPiVdV/cn8bgY6ouj51mDAlPMsI53OrlJ8AopDWI9AonhJ."], ["session_token", "hBu0HMWc1__1NqVrE3wwGg"], ["created_at", "2021-04-06 16:55:27.911487"], ["updated_at", "2021-04-06 16:55:27.911487"], ["first_name", "thxftdhd"], ["last_name", "gdezrgdxr"]]
  ↳ app/controllers/api/users_controller.rb:6
  [1m[35m (0.2ms)[0m  [1m[35mCOMMIT[0m
  ↳ app/controllers/api/users_controller.rb:6
  [1m[35m (0.0ms)[0m  [1m[35mBEGIN[0m
  ↳ app/models/user.rb:13
  [1m[36mUser Exists (0.1ms)[0m  [1m[34mSELECT  1 AS one FROM "users" WHERE "users"."email" = $1 AND "users"."id" != $2 LIMIT $3[0m  [["email", "gesrgsr"], ["id", 5], ["LIMIT", 1]]
  ↳ app/models/user.rb:13
  [1m[36mUser Update (0.2ms)[0m  [1m[33mUPDATE "users" SET "session_token" = $1, "updated_at" = $2 WHERE "users"."id" = $3[0m  [["session_token", "Nnw82rgErjsmeINkGDP00w"], ["updated_at", "2021-04-06 16:55:27.913311"], ["id", 5]]
  ↳ app/models/user.rb:13
  [1m[35m (0.1ms)[0m  [1m[35mCOMMIT[0m
  ↳ app/models/user.rb:13
  Rendering api/users/show.json.jbuilder
  Rendered api/users/show.json.jbuilder (0.5ms)
Completed 200 OK in 195ms (Views: 4.6ms | ActiveRecord: 1.3ms)


Started GET "/" for ::1 at 2021-04-06 10:06:52 -0700
Processing by StaticPagesController#root as HTML
  Rendering static_pages/root.html.erb within layouts/application
  Rendered static_pages/root.html.erb within layouts/application (0.2ms)
Completed 200 OK in 241ms (Views: 239.8ms | ActiveRecord: 0.0ms)


Started GET "/" for ::1 at 2021-04-06 10:07:29 -0700
Processing by StaticPagesController#root as HTML
  Rendering static_pages/root.html.erb within layouts/application
  Rendered static_pages/root.html.erb within layouts/application (0.2ms)
Completed 200 OK in 247ms (Views: 245.6ms | ActiveRecord: 0.0ms)


Started POST "/api/users" for ::1 at 2021-04-06 10:07:34 -0700
Processing by Api::UsersController#create as JSON
  Parameters: {"user"=>{"email"=>"fwqref", "first_name"=>"wfwqefrewq", "last_name"=>"fwqefwqea", "password"=>"[FILTERED]"}}
  [1m[35m (0.1ms)[0m  [1m[35mBEGIN[0m
  ↳ app/controllers/api/users_controller.rb:6
  [1m[36mUser Exists (12.7ms)[0m  [1m[34mSELECT  1 AS one FROM "users" WHERE "users"."email" = $1 LIMIT $2[0m  [["email", "fwqref"], ["LIMIT", 1]]
  ↳ app/controllers/api/users_controller.rb:6
  [1m[35m (0.1ms)[0m  [1m[31mROLLBACK[0m
  ↳ app/controllers/api/users_controller.rb:6
Completed 422 Unprocessable Entity in 237ms (Views: 0.1ms | ActiveRecord: 12.9ms)


Started POST "/api/users" for ::1 at 2021-04-06 10:07:51 -0700
Processing by Api::UsersController#create as JSON
  Parameters: {"user"=>{"email"=>"fwqref", "first_name"=>"wfwqefrewq", "last_name"=>"fwqefwqea", "password"=>"[FILTERED]"}}
  [1m[35m (0.1ms)[0m  [1m[35mBEGIN[0m
  ↳ app/controllers/api/users_controller.rb:6
  [1m[36mUser Exists (0.2ms)[0m  [1m[34mSELECT  1 AS one FROM "users" WHERE "users"."email" = $1 LIMIT $2[0m  [["email", "fwqref"], ["LIMIT", 1]]
  ↳ app/controllers/api/users_controller.rb:6
  [1m[36mUser Create (0.4ms)[0m  [1m[32mINSERT INTO "users" ("email", "password_digest", "session_token", "created_at", "updated_at", "first_name", "last_name") VALUES ($1, $2, $3, $4, $5, $6, $7) RETURNING "id"[0m  [["email", "fwqref"], ["password_digest", "$2a$12$55.GvAO4LrwCp.Z/mjMDWeHBDZ795zRJY5exrpMDCgtdvcOOaU73e"], ["session_token", "QskJ-XU-KEYWUGa19_i4Qg"], ["created_at", "2021-04-06 17:07:52.067828"], ["updated_at", "2021-04-06 17:07:52.067828"], ["first_name", "wfwqefrewq"], ["last_name", "fwqefwqea"]]
  ↳ app/controllers/api/users_controller.rb:6
  [1m[35m (3.7ms)[0m  [1m[35mCOMMIT[0m
  ↳ app/controllers/api/users_controller.rb:6
  [1m[35m (0.1ms)[0m  [1m[35mBEGIN[0m
  ↳ app/models/user.rb:13
  [1m[36mUser Exists (0.2ms)[0m  [1m[34mSELECT  1 AS one FROM "users" WHERE "users"."email" = $1 AND "users"."id" != $2 LIMIT $3[0m  [["email", "fwqref"], ["id", 6], ["LIMIT", 1]]
  ↳ app/models/user.rb:13
  [1m[36mUser Update (0.2ms)[0m  [1m[33mUPDATE "users" SET "session_token" = $1, "updated_at" = $2 WHERE "users"."id" = $3[0m  [["session_token", "8b6NEYnPjK6fIcyg_xnn4Q"], ["updated_at", "2021-04-06 17:07:52.073552"], ["id", 6]]
  ↳ app/models/user.rb:13
  [1m[35m (0.1ms)[0m  [1m[35mCOMMIT[0m
  ↳ app/models/user.rb:13
  Rendering api/users/show.json.jbuilder
  Rendered api/users/show.json.jbuilder (0.2ms)
Completed 200 OK in 191ms (Views: 4.1ms | ActiveRecord: 5.0ms)


Started GET "/" for ::1 at 2021-04-06 10:08:11 -0700
Processing by StaticPagesController#root as HTML
  Rendering static_pages/root.html.erb within layouts/application
  Rendered static_pages/root.html.erb within layouts/application (0.2ms)
Completed 200 OK in 20ms (Views: 19.0ms | ActiveRecord: 0.0ms)


Started GET "/" for ::1 at 2021-04-06 10:08:22 -0700
Processing by StaticPagesController#root as HTML
  Rendering static_pages/root.html.erb within layouts/application
  Rendered static_pages/root.html.erb within layouts/application (0.2ms)
Completed 200 OK in 20ms (Views: 18.9ms | ActiveRecord: 0.0ms)


Started GET "/" for ::1 at 2021-04-06 11:05:48 -0700
Processing by StaticPagesController#root as HTML
  Rendering static_pages/root.html.erb within layouts/application
  Rendered static_pages/root.html.erb within layouts/application (0.2ms)
Completed 200 OK in 256ms (Views: 254.9ms | ActiveRecord: 0.0ms)


Started GET "/" for ::1 at 2021-04-06 11:05:49 -0700
Processing by StaticPagesController#root as HTML
  Rendering static_pages/root.html.erb within layouts/application
  Rendered static_pages/root.html.erb within layouts/application (0.2ms)
Completed 200 OK in 23ms (Views: 21.6ms | ActiveRecord: 0.0ms)


Started GET "/" for ::1 at 2021-04-06 11:08:16 -0700
Processing by StaticPagesController#root as HTML
  Rendering static_pages/root.html.erb within layouts/application
  Rendered static_pages/root.html.erb within layouts/application (0.2ms)
Completed 200 OK in 247ms (Views: 246.3ms | ActiveRecord: 0.0ms)


Started GET "/" for ::1 at 2021-04-06 11:08:32 -0700
Processing by StaticPagesController#root as HTML
  Rendering static_pages/root.html.erb within layouts/application
  Rendered static_pages/root.html.erb within layouts/application (0.2ms)
Completed 200 OK in 249ms (Views: 248.2ms | ActiveRecord: 0.0ms)


Started GET "/" for ::1 at 2021-04-06 11:08:34 -0700
Processing by StaticPagesController#root as HTML
  Rendering static_pages/root.html.erb within layouts/application
  Rendered static_pages/root.html.erb within layouts/application (0.2ms)
Completed 200 OK in 19ms (Views: 17.7ms | ActiveRecord: 0.0ms)


Started GET "/" for ::1 at 2021-04-06 11:08:36 -0700
Processing by StaticPagesController#root as HTML
  Rendering static_pages/root.html.erb within layouts/application
  Rendered static_pages/root.html.erb within layouts/application (0.2ms)
Completed 200 OK in 17ms (Views: 16.2ms | ActiveRecord: 0.0ms)


Started GET "/" for ::1 at 2021-04-06 11:08:37 -0700
Processing by StaticPagesController#root as HTML
  Rendering static_pages/root.html.erb within layouts/application
  Rendered static_pages/root.html.erb within layouts/application (0.2ms)
Completed 200 OK in 18ms (Views: 16.4ms | ActiveRecord: 0.0ms)


Started GET "/" for ::1 at 2021-04-06 11:14:23 -0700
Processing by StaticPagesController#root as HTML
  Rendering static_pages/root.html.erb within layouts/application
  Rendered static_pages/root.html.erb within layouts/application (0.2ms)
Completed 200 OK in 240ms (Views: 238.3ms | ActiveRecord: 0.0ms)


Started GET "/" for ::1 at 2021-04-06 11:14:25 -0700
Processing by StaticPagesController#root as HTML
  Rendering static_pages/root.html.erb within layouts/application
  Rendered static_pages/root.html.erb within layouts/application (0.2ms)
Completed 200 OK in 19ms (Views: 18.1ms | ActiveRecord: 0.0ms)


Started GET "/" for ::1 at 2021-04-06 11:15:06 -0700
Processing by StaticPagesController#root as HTML
  Rendering static_pages/root.html.erb within layouts/application
  Rendered static_pages/root.html.erb within layouts/application (0.2ms)
Completed 200 OK in 247ms (Views: 245.6ms | ActiveRecord: 0.0ms)


Started GET "/" for ::1 at 2021-04-06 11:15:41 -0700
Processing by StaticPagesController#root as HTML
  Rendering static_pages/root.html.erb within layouts/application
  Rendered static_pages/root.html.erb within layouts/application (0.2ms)
Completed 200 OK in 19ms (Views: 18.3ms | ActiveRecord: 0.0ms)


Started GET "/" for ::1 at 2021-04-06 11:16:24 -0700
Processing by StaticPagesController#root as HTML
  Rendering static_pages/root.html.erb within layouts/application
  Rendered static_pages/root.html.erb within layouts/application (0.2ms)
Completed 200 OK in 22ms (Views: 20.9ms | ActiveRecord: 0.0ms)


Started GET "/" for ::1 at 2021-04-06 11:16:25 -0700
Processing by StaticPagesController#root as HTML
  Rendering static_pages/root.html.erb within layouts/application
  Rendered static_pages/root.html.erb within layouts/application (0.2ms)
Completed 200 OK in 18ms (Views: 17.1ms | ActiveRecord: 0.0ms)


Started GET "/" for ::1 at 2021-04-06 11:16:39 -0700
Processing by StaticPagesController#root as HTML
  Rendering static_pages/root.html.erb within layouts/application
  Rendered static_pages/root.html.erb within layouts/application (0.2ms)
Completed 200 OK in 20ms (Views: 18.5ms | ActiveRecord: 0.0ms)


Started GET "/" for ::1 at 2021-04-06 11:17:34 -0700
Processing by StaticPagesController#root as HTML
  Rendering static_pages/root.html.erb within layouts/application
  Rendered static_pages/root.html.erb within layouts/application (0.2ms)
Completed 200 OK in 241ms (Views: 240.3ms | ActiveRecord: 0.0ms)


Started GET "/" for ::1 at 2021-04-06 11:17:35 -0700
Processing by StaticPagesController#root as HTML
  Rendering static_pages/root.html.erb within layouts/application
  Rendered static_pages/root.html.erb within layouts/application (0.2ms)
Completed 200 OK in 19ms (Views: 18.0ms | ActiveRecord: 0.0ms)


Started GET "/" for ::1 at 2021-04-06 11:17:36 -0700
Processing by StaticPagesController#root as HTML
  Rendering static_pages/root.html.erb within layouts/application
  Rendered static_pages/root.html.erb within layouts/application (0.2ms)
Completed 200 OK in 19ms (Views: 17.7ms | ActiveRecord: 0.0ms)


Started GET "/" for ::1 at 2021-04-06 11:18:18 -0700
Processing by StaticPagesController#root as HTML
  Rendering static_pages/root.html.erb within layouts/application
  Rendered static_pages/root.html.erb within layouts/application (0.2ms)
Completed 500 Internal Server Error in 119ms (ActiveRecord: 0.0ms)



Errno::ENOENT - No such file or directory @ apply2files - /mnt/c/Users/jmast/OneDrive/Desktop/Full_Stack_Project/jasonhood/tmp/cache/assets/sprockets/v3.0/vV/vVKyTgoKHpx5P3q_m8eF1E7ETAZMmYtU7EhdolGmQ9Q.cache.70368290195400.1587.8217:
  app/views/layouts/application.html.erb:9:in `_app_views_layouts_application_html_erb__2049214038015544839_70192186278060'

Started POST "/__better_errors/fb3e8c3000eae9d1/variables" for ::1 at 2021-04-06 11:18:18 -0700
Started GET "/" for ::1 at 2021-04-06 11:18:19 -0700
Processing by StaticPagesController#root as HTML
  Rendering static_pages/root.html.erb within layouts/application
  Rendered static_pages/root.html.erb within layouts/application (0.2ms)
Completed 200 OK in 229ms (Views: 227.6ms | ActiveRecord: 0.0ms)


Started GET "/" for ::1 at 2021-04-06 11:18:20 -0700
Processing by StaticPagesController#root as HTML
  Rendering static_pages/root.html.erb within layouts/application
  Rendered static_pages/root.html.erb within layouts/application (0.2ms)
Completed 200 OK in 19ms (Views: 17.4ms | ActiveRecord: 0.0ms)


Started GET "/" for ::1 at 2021-04-06 11:18:21 -0700
Processing by StaticPagesController#root as HTML
  Rendering static_pages/root.html.erb within layouts/application
  Rendered static_pages/root.html.erb within layouts/application (0.2ms)
Completed 200 OK in 18ms (Views: 16.8ms | ActiveRecord: 0.0ms)


Started GET "/" for ::1 at 2021-04-06 11:18:21 -0700
Processing by StaticPagesController#root as HTML
  Rendering static_pages/root.html.erb within layouts/application
  Rendered static_pages/root.html.erb within layouts/application (0.2ms)
Completed 200 OK in 18ms (Views: 16.8ms | ActiveRecord: 0.0ms)


Started GET "/" for ::1 at 2021-04-06 11:18:55 -0700
Processing by StaticPagesController#root as HTML
  Rendering static_pages/root.html.erb within layouts/application
  Rendered static_pages/root.html.erb within layouts/application (0.2ms)
Completed 200 OK in 244ms (Views: 243.2ms | ActiveRecord: 0.0ms)


Started GET "/" for ::1 at 2021-04-06 11:18:59 -0700
Processing by StaticPagesController#root as HTML
  Rendering static_pages/root.html.erb within layouts/application
  Rendered static_pages/root.html.erb within layouts/application (0.2ms)
Completed 200 OK in 25ms (Views: 24.0ms | ActiveRecord: 0.0ms)


Started GET "/" for ::1 at 2021-04-06 11:19:18 -0700
Processing by StaticPagesController#root as HTML
  Rendering static_pages/root.html.erb within layouts/application
  Rendered static_pages/root.html.erb within layouts/application (0.3ms)
Completed 200 OK in 250ms (Views: 248.3ms | ActiveRecord: 0.0ms)


Started GET "/" for ::1 at 2021-04-06 11:42:49 -0700
  [1m[35m (0.7ms)[0m  [1m[34mSELECT "schema_migrations"."version" FROM "schema_migrations" ORDER BY "schema_migrations"."version" ASC[0m
  ↳ /home/jason/.rbenv/versions/2.5.1/lib/ruby/gems/2.5.0/gems/activerecord-5.2.5/lib/active_record/log_subscriber.rb:98
Processing by StaticPagesController#root as HTML
  Rendering static_pages/root.html.erb within layouts/application
  Rendered static_pages/root.html.erb within layouts/application (1.1ms)
Completed 200 OK in 1375ms (Views: 1373.8ms | ActiveRecord: 0.0ms)


Started GET "/" for ::1 at 2021-04-06 11:44:26 -0700
Processing by StaticPagesController#root as HTML
  Rendering static_pages/root.html.erb within layouts/application
  Rendered static_pages/root.html.erb within layouts/application (0.2ms)
Completed 500 Internal Server Error in 130ms (ActiveRecord: 0.0ms)



Errno::ENOENT - No such file or directory @ apply2files - /mnt/c/Users/jmast/OneDrive/Desktop/Full_Stack_Project/jasonhood/tmp/cache/assets/sprockets/v3.0/YJ/YJT7yP6Buol4OAtSmTBgvLxN965uJtMafvqbjaWe9Vo.cache.70368360733200.10648.705271:
  app/views/layouts/application.html.erb:9:in `_app_views_layouts_application_html_erb__3473814496215572261_70119787127820'

Started POST "/__better_errors/a2cae67ba8ba329d/variables" for ::1 at 2021-04-06 11:44:27 -0700
Started GET "/" for ::1 at 2021-04-06 11:44:28 -0700
Processing by StaticPagesController#root as HTML
  Rendering static_pages/root.html.erb within layouts/application
  Rendered static_pages/root.html.erb within layouts/application (0.2ms)
Completed 200 OK in 247ms (Views: 246.0ms | ActiveRecord: 0.0ms)


Started GET "/" for ::1 at 2021-04-06 11:56:35 -0700
Processing by StaticPagesController#root as HTML
  Rendering static_pages/root.html.erb within layouts/application
  Rendered static_pages/root.html.erb within layouts/application (0.5ms)
Completed 200 OK in 307ms (Views: 305.5ms | ActiveRecord: 0.0ms)


Started GET "/" for ::1 at 2021-04-06 11:59:22 -0700
Processing by StaticPagesController#root as HTML
  Rendering static_pages/root.html.erb within layouts/application
  Rendered static_pages/root.html.erb within layouts/application (0.2ms)
Completed 200 OK in 195ms (Views: 193.9ms | ActiveRecord: 0.0ms)


Started GET "/" for ::1 at 2021-04-06 11:59:37 -0700
Processing by StaticPagesController#root as HTML
  Rendering static_pages/root.html.erb within layouts/application
  Rendered static_pages/root.html.erb within layouts/application (0.3ms)
Completed 200 OK in 64ms (Views: 63.0ms | ActiveRecord: 0.0ms)


Started GET "/" for ::1 at 2021-04-06 11:59:44 -0700
Processing by StaticPagesController#root as HTML
  Rendering static_pages/root.html.erb within layouts/application
  Rendered static_pages/root.html.erb within layouts/application (0.2ms)
Completed 200 OK in 68ms (Views: 66.0ms | ActiveRecord: 0.0ms)


Started GET "/" for ::1 at 2021-04-06 11:59:51 -0700
Processing by StaticPagesController#root as HTML
  Rendering static_pages/root.html.erb within layouts/application
  Rendered static_pages/root.html.erb within layouts/application (0.2ms)
Completed 200 OK in 57ms (Views: 55.5ms | ActiveRecord: 0.0ms)


Started GET "/" for ::1 at 2021-04-06 11:59:57 -0700
Processing by StaticPagesController#root as HTML
  Rendering static_pages/root.html.erb within layouts/application
  Rendered static_pages/root.html.erb within layouts/application (0.2ms)
Completed 200 OK in 318ms (Views: 316.5ms | ActiveRecord: 0.0ms)


Started GET "/" for ::1 at 2021-04-06 12:00:37 -0700
Processing by StaticPagesController#root as HTML
  Rendering static_pages/root.html.erb within layouts/application
  Rendered static_pages/root.html.erb within layouts/application (0.2ms)
Completed 200 OK in 49ms (Views: 48.0ms | ActiveRecord: 0.0ms)


Started GET "/" for ::1 at 2021-04-06 12:00:39 -0700
Processing by StaticPagesController#root as HTML
  Rendering static_pages/root.html.erb within layouts/application
  Rendered static_pages/root.html.erb within layouts/application (0.2ms)
Completed 200 OK in 22ms (Views: 20.7ms | ActiveRecord: 0.0ms)


Started GET "/" for ::1 at 2021-04-06 12:01:14 -0700
Processing by StaticPagesController#root as HTML
  Rendering static_pages/root.html.erb within layouts/application
  Rendered static_pages/root.html.erb within layouts/application (0.2ms)
Completed 200 OK in 53ms (Views: 51.8ms | ActiveRecord: 0.0ms)


Started GET "/" for ::1 at 2021-04-06 12:02:24 -0700
Processing by StaticPagesController#root as HTML
  Rendering static_pages/root.html.erb within layouts/application
  Rendered static_pages/root.html.erb within layouts/application (0.2ms)
Completed 500 Internal Server Error in 22ms (ActiveRecord: 0.0ms)



Sass::SyntaxError - Invalid CSS after "  box-shadow": expected ";", was ": 0px 1px 4px 0...":
  app/views/layouts/application.html.erb:8:in `_app_views_layouts_application_html_erb__3473814496215572261_70119789082140'

Started POST "/__better_errors/8d3cb135cdda695d/variables" for ::1 at 2021-04-06 12:02:24 -0700
Started GET "/" for ::1 at 2021-04-06 12:02:26 -0700
Processing by StaticPagesController#root as HTML
  Rendering static_pages/root.html.erb within layouts/application
  Rendered static_pages/root.html.erb within layouts/application (0.2ms)
Completed 500 Internal Server Error in 13ms (ActiveRecord: 0.0ms)



Sass::SyntaxError - Invalid CSS after "  box-shadow": expected ";", was ": 0px 1px 4px 0...":
  app/views/layouts/application.html.erb:8:in `_app_views_layouts_application_html_erb__3473814496215572261_70119785566220'

Started POST "/__better_errors/c132e9310e38a302/variables" for ::1 at 2021-04-06 12:02:26 -0700
Started GET "/" for ::1 at 2021-04-06 12:02:30 -0700
Processing by StaticPagesController#root as HTML
  Rendering static_pages/root.html.erb within layouts/application
  Rendered static_pages/root.html.erb within layouts/application (0.4ms)
Completed 200 OK in 53ms (Views: 51.5ms | ActiveRecord: 0.0ms)


Started GET "/" for ::1 at 2021-04-06 12:02:38 -0700
Processing by StaticPagesController#root as HTML
  Rendering static_pages/root.html.erb within layouts/application
  Rendered static_pages/root.html.erb within layouts/application (0.2ms)
Completed 200 OK in 51ms (Views: 50.0ms | ActiveRecord: 0.0ms)


Started GET "/" for ::1 at 2021-04-06 12:03:26 -0700
Processing by StaticPagesController#root as HTML
  Rendering static_pages/root.html.erb within layouts/application
  Rendered static_pages/root.html.erb within layouts/application (0.2ms)
Completed 200 OK in 50ms (Views: 48.7ms | ActiveRecord: 0.0ms)


